[debug] > Exec(early(addDefaultCommands), None, None)
[debug] > Exec(addDefaultCommands, None, None)
[debug] > Exec(early(initialize), None, None)
[debug] > Exec(initialize, None, None)
[debug] > Exec(early(addPluginSbtFile="""C:\Users\MARIAA~1\AppData\Local\Temp\idea.sbt"""), None, None)
[debug] > Exec(addPluginSbtFile="""C:\Users\MARIAA~1\AppData\Local\Temp\idea.sbt""", None, None)
[debug] > Exec(boot, None, None)
[debug] > Exec(writeSbtVersion, None, None)
[debug] > Exec(reload, None, None)
[debug] > Exec(sbtStashOnFailure, None, None)
[debug] > Exec(onFailure loadFailed, None, None)
[debug] > Exec(loadp, None, None)
[info] welcome to sbt 1.10.1 (Oracle Corporation Java 23.0.1)
[debug] Load.defaultLoad until apply took 139.5322ms
[debug]           Load.loadUnit: plugins took 97.8329ms
[debug]           Load.loadUnit: defsScala took 0.3691ms
[debug] [Loading] Scanning directory C:\Users\Maria Angel\OneDrive\Escritorio\trabajoIntegrador\project
[debug]             Load.loadUnit: mkEval took 10.8495ms
[debug] [Loading] Found non-root projects 
[debug] [Loading] Done in C:\Users\Maria Angel\OneDrive\Escritorio\trabajoIntegrador\project, returning: ()
[debug] deducing auto plugins based on known facts Set(Atom(sbt.plugins.CorePlugin)) and clauses Clauses(Clause(Atom(sbt.plugins.JvmPlugin),Set(Atom(sbt.plugins.IvyPlugin)))
[debug] Clause(Atom(sbt.ScriptedPlugin),Set(Atom(sbt.plugins.JvmPlugin)))
[debug] Clause(Atom(sbt.plugins.SbtPlugin),Set(Atom(sbt.ScriptedPlugin)))
[debug] Clause(Atom(sbt.plugins.SemanticdbPlugin),Set(Atom(sbt.plugins.JvmPlugin)))
[debug] Clause(Atom(sbt.plugins.JUnitXmlReportPlugin),Set(Atom(sbt.plugins.JvmPlugin)))
[debug] Clause(Atom(sbt.plugins.MiniDependencyTreePlugin),Set(Atom(sbt.plugins.JvmPlugin)))
[debug] Clause(Atom(sbt.plugins.CorePlugin),Set(Atom(sbt.plugins.IvyPlugin)))
[debug] Clause(Atom(sbt.plugins.IvyPlugin),Set(Atom(sbt.plugins.JvmPlugin)))
[debug] Clause(Atom(sbt.plugins.JvmPlugin),Set(Atom(sbt.plugins.SemanticdbPlugin)))
[debug] Clause(Atom(sbt.plugins.JvmPlugin),Set(Atom(sbt.plugins.JUnitXmlReportPlugin)))
[debug] Clause(Atom(sbt.plugins.CorePlugin),Set(Atom(sbt.plugins.Giter8TemplatePlugin)))
[debug] Clause(Atom(sbt.plugins.JvmPlugin),Set(Atom(sbt.plugins.MiniDependencyTreePlugin))))
[debug]   :: deduced result: Matched(sbt.plugins.CorePlugin,sbt.plugins.Giter8TemplatePlugin,sbt.plugins.IvyPlugin,sbt.plugins.JvmPlugin,sbt.plugins.MiniDependencyTreePlugin,sbt.plugins.JUnitXmlReportPlugin,sbt.plugins.SemanticdbPlugin)
[debug] Plugins.deducer#function took 21.8314 ms
[info] loading settings for project trabajointegrador-build from idea.sbt ...
[debug]               Load.resolveProject(trabajointegrador-build) took 48.2944ms
[debug]             Load.loadTransitive: finalizeProject(Project(id trabajointegrador-build, base: C:\Users\Maria Angel\OneDrive\Escritorio\trabajoIntegrador\project, plugins: List(<none>))) took 81.0067ms
[debug] [Loading] Done in C:\Users\Maria Angel\OneDrive\Escritorio\trabajoIntegrador\project, returning: (trabajointegrador-build)
[debug]           Load.loadUnit: loadedProjectsRaw took 3296.213ms
[debug]           Load.loadUnit: cleanEvalClasses took 9.3631ms
[debug]         Load.loadUnit(file:/C:/Users/Maria%20Angel/OneDrive/Escritorio/trabajoIntegrador/project/, ...) took 3411.5954ms
[debug]       Load.apply: load took 3602.9017ms
[debug]       Load.apply: resolveProjects took 4.3541ms
[debug]       Load.apply: finalTransforms took 79.9533ms
[debug]       Load.apply: config.delegates took 10.7738ms
[debug]       Load.apply: Def.make(settings)... took 536.989ms
[debug]       Load.apply: structureIndex took 114.8328ms
[debug]       Load.apply: mkStreams took 3.2576ms
[info] loading project definition from C:\Users\Maria Angel\OneDrive\Escritorio\trabajoIntegrador\project
[debug] Running task... Cancel: Signal, check cycles: false, forcegc: true
[debug]     Load.loadUnit: plugins took 6289.9668ms
[debug]     Load.loadUnit: defsScala took 0.0032ms
[debug] [Loading] Scanning directory C:\Users\Maria Angel\OneDrive\Escritorio\trabajoIntegrador
[debug]       Load.loadUnit: mkEval took 0.3352ms
[debug] [Loading] Found root project root w/ remaining 
[debug] deducing auto plugins based on known facts Set(Atom(sbt.plugins.CorePlugin)) and clauses Clauses(Clause(Atom(sbt.plugins.JvmPlugin),Set(Atom(sbt.plugins.IvyPlugin)))
[debug] Clause(Atom(sbt.ScriptedPlugin),Set(Atom(sbt.plugins.JvmPlugin)))
[debug] Clause(Atom(sbt.plugins.SbtPlugin),Set(Atom(sbt.ScriptedPlugin)))
[debug] Clause(Atom(sbt.plugins.SemanticdbPlugin),Set(Atom(sbt.plugins.JvmPlugin)))
[debug] Clause(Atom(sbt.plugins.JUnitXmlReportPlugin),Set(Atom(sbt.plugins.JvmPlugin)))
[debug] Clause(Atom(sbt.plugins.MiniDependencyTreePlugin),Set(Atom(sbt.plugins.JvmPlugin)))
[debug] Clause(Atom(org.jetbrains.sbt.StructurePlugin),Set(Atom(sbt.plugins.JvmPlugin)))
[debug] Clause(Atom(org.jetbrains.sbt.IdeaShellPlugin),Set(Atom(sbt.plugins.JvmPlugin)))
[debug] Clause(Atom(sbt.plugins.CorePlugin),Set(Atom(sbt.plugins.IvyPlugin)))
[debug] Clause(Atom(sbt.plugins.IvyPlugin),Set(Atom(sbt.plugins.JvmPlugin)))
[debug] Clause(Atom(sbt.plugins.JvmPlugin),Set(Atom(sbt.plugins.SemanticdbPlugin)))
[debug] Clause(Atom(sbt.plugins.JvmPlugin),Set(Atom(sbt.plugins.JUnitXmlReportPlugin)))
[debug] Clause(Atom(sbt.plugins.CorePlugin),Set(Atom(sbt.plugins.Giter8TemplatePlugin)))
[debug] Clause(Atom(sbt.plugins.JvmPlugin),Set(Atom(sbt.plugins.MiniDependencyTreePlugin)))
[debug] Clause(Atom(sbt.plugins.JvmPlugin),Set(Atom(org.jetbrains.sbt.StructurePlugin)))
[debug] Clause(Atom(sbt.plugins.JvmPlugin),Set(Atom(org.jetbrains.sbt.IdeaShellPlugin))))
[debug]   :: deduced result: Matched(sbt.plugins.CorePlugin,sbt.plugins.Giter8TemplatePlugin,sbt.plugins.IvyPlugin,sbt.plugins.JvmPlugin,sbt.plugins.SemanticdbPlugin,sbt.plugins.JUnitXmlReportPlugin,org.jetbrains.sbt.IdeaShellPlugin,org.jetbrains.sbt.StructurePlugin,sbt.plugins.MiniDependencyTreePlugin)
[debug] Plugins.deducer#function took 2.0496 ms
[info] loading settings for project root from build.sbt ...
[debug]         Load.resolveProject(root) took 35.214ms
[debug]       Load.loadTransitive: finalizeProject(Project(id root, base: C:\Users\Maria Angel\OneDrive\Escritorio\trabajoIntegrador, plugins: List(<none>))) took 39.0995ms
[debug] [Loading] Done in C:\Users\Maria Angel\OneDrive\Escritorio\trabajoIntegrador, returning: (root)
[debug]     Load.loadUnit: loadedProjectsRaw took 1204.4754ms
[debug]     Load.loadUnit: cleanEvalClasses took 34.3991ms
[debug]   Load.loadUnit(file:/C:/Users/Maria%20Angel/OneDrive/Escritorio/trabajoIntegrador/, ...) took 7531.2184ms
[debug] Load.apply: load took 7554.9137ms
[debug] Load.apply: resolveProjects took 0.0964ms
[debug] Load.apply: finalTransforms took 54.2435ms
[debug] Load.apply: config.delegates took 0.3781ms
[debug] Load.apply: Def.make(settings)... took 87.9322ms
[debug] Load.apply: structureIndex took 45.7099ms
[debug] Load.apply: mkStreams took 0.0028ms
[info] set current project to trabajoIntegrador (in build file:/C:/Users/Maria%20Angel/OneDrive/Escritorio/trabajoIntegrador/)
[debug] > Exec(sbtPopOnFailure, None, None)
[debug] > Exec(resumeFromFailure, None, None)
[debug] > Exec(notifyUsersAboutShell, None, None)
[debug] > Exec(iflast shell, None, None)
[debug] > Exec(idea-shell, None, None)
